<?xml version="1.0" encoding="UTF-8"?>
<!-- Generated by org.testng.reporters.JUnitReportReporter -->
<testsuite hostname="MobilitCoesiMac" failures="0" tests="1" name="com.dev.demo.Dev" time="0.010" errors="0" timestamp="2020-01-07T16:51:23 IST" skipped="0">
  <testcase classname="com.dev.demo.Dev" name="devBuild" time="0.010"/>
</testsuite> <!-- com.dev.demo.Dev -->
